mode: set
baseapplicationgo/main/usecases/CreateEmail.go:31.16,39.2 1 1
baseapplicationgo/main/usecases/CreateEmail.go:48.3,58.20 6 1
baseapplicationgo/main/usecases/CreateEmail.go:58.20,60.3 1 1
baseapplicationgo/main/usecases/CreateEmail.go:62.2,63.26 2 1
baseapplicationgo/main/usecases/CreateEmail.go:63.26,65.3 1 1
baseapplicationgo/main/usecases/CreateEmail.go:67.2,67.32 1 1
baseapplicationgo/main/usecases/CreateEmail.go:73.70,78.2 2 1
baseapplicationgo/main/usecases/CreateEmailBodyForWelcomeEmail.go:23.74,29.2 1 0
baseapplicationgo/main/usecases/CreateEmailBodyForWelcomeEmail.go:35.35,41.2 1 0
baseapplicationgo/main/usecases/CreateEmailBodyForWelcomeEmail.go:46.58,51.17 4 0
baseapplicationgo/main/usecases/CreateEmailBodyForWelcomeEmail.go:51.17,53.3 1 0
baseapplicationgo/main/usecases/CreateEmailBodyForWelcomeEmail.go:55.2,67.16 6 0
baseapplicationgo/main/usecases/CreateEmailBodyForWelcomeEmail.go:67.16,69.3 1 0
baseapplicationgo/main/usecases/CreateEmailBodyForWelcomeEmail.go:71.2,71.26 1 0
baseapplicationgo/main/usecases/CreateEmailBodyForWelcomeEmail.go:76.56,81.2 2 0
baseapplicationgo/main/usecases/CreateEmailBodySendAndPersistAsSent.go:28.40,36.2 1 1
baseapplicationgo/main/usecases/CreateEmailBodySendAndPersistAsSent.go:41.70,48.38 4 1
baseapplicationgo/main/usecases/CreateEmailBodySendAndPersistAsSent.go:48.38,52.3 3 1
baseapplicationgo/main/usecases/CreateEmailBodySendAndPersistAsSent.go:54.2,57.17 2 1
baseapplicationgo/main/usecases/CreateEmailBodySendAndPersistAsSent.go:57.17,60.3 2 1
baseapplicationgo/main/usecases/CreateEmailBodySendAndPersistAsSent.go:62.2,64.20 2 1
baseapplicationgo/main/usecases/CreateEmailBodySendAndPersistAsSent.go:64.20,67.3 2 1
baseapplicationgo/main/usecases/CreateEmailBodySendAndPersistAsSent.go:70.2,71.26 2 1
baseapplicationgo/main/usecases/CreateEmailBodySendAndPersistAsSent.go:71.26,73.3 1 1
baseapplicationgo/main/usecases/CreateEmailBodySendAndPersistAsSent.go:74.2,74.32 1 1
baseapplicationgo/main/usecases/CreateEmailBodySendAndPersistAsSent.go:80.48,84.2 2 1
baseapplicationgo/main/usecases/CreateEmailBodySendAndPersistAsSent.go:88.58,90.27 2 1
baseapplicationgo/main/usecases/CreateEmailBodySendAndPersistAsSent.go:90.27,93.3 2 1
baseapplicationgo/main/usecases/CreateEmailBodySendAndPersistAsSent.go:94.2,94.21 1 1
baseapplicationgo/main/usecases/CreateEmailBodySendAndPersistAsSent.go:99.58,101.27 2 1
baseapplicationgo/main/usecases/CreateEmailBodySendAndPersistAsSent.go:101.27,104.3 2 1
baseapplicationgo/main/usecases/CreateEmailBodySendAndPersistAsSent.go:105.2,105.21 1 1
baseapplicationgo/main/usecases/CreateEmailFallback.go:29.24,37.2 1 0
baseapplicationgo/main/usecases/CreateEmailFallback.go:45.24,53.2 1 0
baseapplicationgo/main/usecases/CreateEmailFallback.go:62.3,71.17 5 0
baseapplicationgo/main/usecases/CreateEmailFallback.go:71.17,73.3 1 0
baseapplicationgo/main/usecases/CreateEmailFallback.go:75.2,76.23 2 0
baseapplicationgo/main/usecases/CreateEmailFallback.go:76.23,79.21 3 0
baseapplicationgo/main/usecases/CreateEmailFallback.go:79.21,81.4 1 0
baseapplicationgo/main/usecases/CreateEmailFallback.go:82.3,82.34 1 0
baseapplicationgo/main/usecases/CreateEmailFallback.go:83.8,85.3 1 0
baseapplicationgo/main/usecases/CreateEmailFallback.go:87.2,87.40 1 0
baseapplicationgo/main/usecases/CreateEmailFallback.go:87.40,89.27 2 0
baseapplicationgo/main/usecases/CreateEmailFallback.go:89.27,91.4 1 0
baseapplicationgo/main/usecases/CreateEmailFallback.go:92.3,92.33 1 0
baseapplicationgo/main/usecases/CreateEmailFallback.go:95.2,95.28 1 0
baseapplicationgo/main/usecases/CreateEmailFallback.go:101.70,106.2 2 0
baseapplicationgo/main/usecases/CreateNewUser.go:26.71,32.2 1 1
baseapplicationgo/main/usecases/CreateNewUser.go:38.18,45.2 1 1
baseapplicationgo/main/usecases/CreateNewUser.go:48.67,56.16 5 1
baseapplicationgo/main/usecases/CreateNewUser.go:56.16,60.3 1 1
baseapplicationgo/main/usecases/CreateNewUser.go:61.2,61.37 1 1
baseapplicationgo/main/usecases/CreateNewUser.go:61.37,65.3 1 1
baseapplicationgo/main/usecases/CreateNewUser.go:67.2,68.16 2 1
baseapplicationgo/main/usecases/CreateNewUser.go:68.16,72.3 1 1
baseapplicationgo/main/usecases/CreateNewUser.go:73.2,73.27 1 1
baseapplicationgo/main/usecases/CreateTransactionAmqpEvent.go:24.31,31.2 1 0
baseapplicationgo/main/usecases/CreateTransactionAmqpEvent.go:37.31,44.2 1 0
baseapplicationgo/main/usecases/CreateTransactionAmqpEvent.go:47.106,55.2 4 0
baseapplicationgo/main/usecases/FindEmailsByFilter.go:25.23,32.2 1 0
baseapplicationgo/main/usecases/FindEmailsByFilter.go:37.100,43.16 5 0
baseapplicationgo/main/usecases/FindEmailsByFilter.go:43.16,48.3 1 0
baseapplicationgo/main/usecases/FindEmailsByFilter.go:49.2,49.18 1 0
baseapplicationgo/main/usecases/FindUserById.go:28.17,36.2 1 0
baseapplicationgo/main/usecases/FindUserById.go:38.133,44.16 5 0
baseapplicationgo/main/usecases/FindUserById.go:44.16,47.3 1 0
baseapplicationgo/main/usecases/FindUserById.go:48.2,48.20 1 0
baseapplicationgo/main/usecases/FindUserById.go:48.20,51.3 1 0
baseapplicationgo/main/usecases/FindUserById.go:53.2,53.18 1 0
baseapplicationgo/main/usecases/FindUsersByFilter.go:25.22,32.2 1 0
baseapplicationgo/main/usecases/FindUsersByFilter.go:37.100,43.16 5 0
baseapplicationgo/main/usecases/FindUsersByFilter.go:43.16,48.3 1 0
baseapplicationgo/main/usecases/FindUsersByFilter.go:49.2,49.18 1 0
baseapplicationgo/main/usecases/PersistTransaction.go:30.76,37.2 1 0
baseapplicationgo/main/usecases/PersistTransaction.go:43.23,50.2 1 0
baseapplicationgo/main/usecases/PersistTransaction.go:54.113,62.20 5 0
baseapplicationgo/main/usecases/PersistTransaction.go:62.20,66.3 1 0
baseapplicationgo/main/usecases/PersistTransaction.go:69.2,72.16 3 0
baseapplicationgo/main/usecases/PersistTransaction.go:72.16,77.3 1 0
baseapplicationgo/main/usecases/PersistTransaction.go:79.2,80.22 2 0
baseapplicationgo/main/usecases/PersistTransaction.go:80.22,85.3 1 0
baseapplicationgo/main/usecases/PersistTransaction.go:87.2,88.34 2 0
baseapplicationgo/main/usecases/ReprocessEmailEvent.go:27.24,35.2 1 1
baseapplicationgo/main/usecases/ReprocessEmailEvent.go:38.70,46.16 5 1
baseapplicationgo/main/usecases/ReprocessEmailEvent.go:46.16,51.3 1 1
baseapplicationgo/main/usecases/ReprocessEmailEvent.go:53.2,53.21 1 1
baseapplicationgo/main/usecases/ReprocessEmailEvent.go:53.21,57.3 2 1
baseapplicationgo/main/usecases/ReprocessEmailEvent.go:59.2,59.31 1 1
baseapplicationgo/main/usecases/ReprocessEmailEvent.go:59.31,61.18 2 1
baseapplicationgo/main/usecases/ReprocessEmailEvent.go:61.18,65.4 1 1
baseapplicationgo/main/usecases/ReprocessEmailEvent.go:66.3,66.27 1 1
baseapplicationgo/main/usecases/ReprocessEmailEvent.go:69.2,69.38 1 1
baseapplicationgo/main/usecases/SendEmailEventsToReprocess.go:20.31,27.2 1 0
baseapplicationgo/main/usecases/SendEmailEventsToReprocess.go:34.31,41.2 1 0
baseapplicationgo/main/usecases/SendEmailEventsToReprocess.go:44.3,50.24 4 0
baseapplicationgo/main/usecases/SendEmailEventsToReprocess.go:50.24,52.3 1 0
